<?xml version="1.0" encoding="UTF-8"?>
<!-- Generated by org.testng.reporters.JUnitReportReporter -->
<testsuite hostname="DESKTOP-A42R49L" failures="0" tests="2" name="Lecture_12_13.DynamicControls_Test" time="3.408" errors="0" timestamp="2021-10-16T20:47:53 AMT" skipped="0">
  <testcase classname="Lecture_12_13.DynamicControls_Test" name="clickCheckbox_Test" time="3.293"/>
  <system-out/>
  <testcase classname="Lecture_12_13.DynamicControls_Test" name="findInput_Test" time="0.115"/>
  <system-out/>
</testsuite> <!-- Lecture_12_13.DynamicControls_Test -->
