<?xml version="1.0" encoding="UTF-8"?>
<!-- Generated by org.testng.reporters.JUnitReportReporter -->
<testsuite hostname="DESKTOP-A42R49L" failures="0" tests="1" name="Lecture_12_13.ContextMenu_Test" time="0.289" errors="0" timestamp="2021-10-16T20:47:53 AMT" skipped="0">
  <testcase classname="Lecture_12_13.ContextMenu_Test" name="contextMenuObject_Test" time="0.289"/>
  <system-out/>
</testsuite> <!-- Lecture_12_13.ContextMenu_Test -->
